<?xml version="1.0" encoding="UTF-8"?>
<!-- Generated by org.testng.reporters.JUnitReportReporter -->
<testsuite hostname="ManojKumar-FVFH71A4Q05N" failures="0" tests="1" name="BrowserStack" time="4.766" errors="0" timestamp="2023-10-11T17:30:41 IST" skipped="0">
  <testcase classname="BrowserStack" name="TestCase" time="4.766"/>
  <system-out/>
</testsuite> <!-- BrowserStack -->
